<?xml version="1.0" encoding="UTF-8"?>
<!-- Generated by org.testng.reporters.JUnitReportReporter -->
<testsuite skipped="3" hostname="LAPTOP-80QPIB69" name="com.qa.androidproject.Testcases.LaunchMyApp" tests="4" failures="0" timestamp="11 Feb 2021 05:12:29 GMT" time="16.772" errors="0">
  <testcase name="TC4_PeopleActivityswipe" time="16.772" classname="com.qa.androidproject.Testcases.LaunchMyApp"/>
  <testcase name="TC1_AddingTwoNumbers" classname="com.qa.androidproject.Testcases.LaunchMyApp">
    <skipped/>
  </testcase> <!-- TC1_AddingTwoNumbers -->
  <testcase name="TC2_PeopleActivity" classname="com.qa.androidproject.Testcases.LaunchMyApp">
    <skipped/>
  </testcase> <!-- TC2_PeopleActivity -->
  <testcase name="TC3_PeopleActivityVerticalScrolldown" classname="com.qa.androidproject.Testcases.LaunchMyApp">
    <skipped/>
  </testcase> <!-- TC3_PeopleActivityVerticalScrolldown -->
</testsuite> <!-- com.qa.androidproject.Testcases.LaunchMyApp -->
