<?xml version="1.0" encoding="UTF-8"?>
<!-- Generated by org.testng.reporters.JUnitReportReporter -->
<testsuite skipped="0" hostname="LAPTOP-80QPIB69" name="com.qa.andriodproject.Testcases.LaunchMyApp" tests="1" failures="0" timestamp="06 Feb 2021 02:46:09 GMT" time="29.214" errors="0">
  <testcase name="TC1_AmazonSearch" time="29.214" classname="com.qa.andriodproject.Testcases.LaunchMyApp"/>
</testsuite> <!-- com.qa.andriodproject.Testcases.LaunchMyApp -->
